<?xml version="1.0" encoding="utf-8" standalone="no"?>
<!--This file represents the results of running a test suite-->
<test-results name="D:\C#Programs\robot2016\robo\RemoteController\NxtLogger_20110517_remocon\RemoteMissionNUnit\RemoteMissionNUnit.csproj" total="4" errors="0" failures="4" not-run="0" inconclusive="0" ignored="0" skipped="0" invalid="0" date="2016-10-05" time="23:57:17">
  <environment nunit-version="2.6.3.13283" clr-version="2.0.50727.8689" os-version="Microsoft Windows NT 6.2.9200.0" platform="Win32NT" cwd="D:\C#Programs\robot2016\robo\RemoteController\NxtLogger_20110517_remocon\packages\NUnit.Runners.2.6.3\tools" machine-name="PC-UEMURA" user="誠" user-domain="PC-UEMURA" />
  <culture-info current-culture="ja-JP" current-uiculture="ja-JP" />
  <test-suite type="Project" name="D:\C#Programs\robot2016\robo\RemoteController\NxtLogger_20110517_remocon\RemoteMissionNUnit\RemoteMissionNUnit.csproj" executed="True" result="Failure" success="False" time="0.220" asserts="0">
    <results>
      <test-suite type="Assembly" name="D:\C#Programs\robot2016\robo\RemoteController\NxtLogger_20110517_remocon\RemoteMissionNUnit\bin\Debug\RemoteMissionNUnit.dll" executed="True" result="Failure" success="False" time="0.205" asserts="0">
        <results>
          <test-suite type="Namespace" name="RemoteMissionNUnit" executed="True" result="Failure" success="False" time="0.205" asserts="0">
            <results>
              <test-suite type="TestFixture" name="CommandConverterTest" executed="True" result="Failure" success="False" time="0.204" asserts="0">
                <results>
                  <test-suite type="ParameterizedTest" name="CommandConverterTest1" executed="True" result="Failure" success="False" time="0.197" asserts="0">
                    <results>
                      <test-case name="RemoteMissionNUnit.CommandConverterTest.CommandConverterTest1(5,64,&quot;&lt;B005&gt;&quot;)" executed="True" result="Failure" success="False" time="0.087" asserts="0">
                        <failure>
                          <message><![CDATA[  String lengths are both 6. Strings differ at index 1.
  Expected: "<B005>"
  But was:  "<\0\0\0\0>"
  ------------^
]]></message>
                          <stack-trace><![CDATA[場所 RemoteMissionNUnit.CommandConverterTest.CommandConverterTest1(Int32 speed, Byte dir, String expected) 場所 d:\C#Programs\robot2016\robo\RemoteController\NxtLogger_20110517_remocon\RemoteMissionNUnit\Class1.cs:行 23
]]></stack-trace>
                        </failure>
                      </test-case>
                      <test-case name="RemoteMissionNUnit.CommandConverterTest.CommandConverterTest1(50,64,&quot;&lt;R050&gt;&quot;)" executed="True" result="Failure" success="False" time="0.001" asserts="0">
                        <failure>
                          <message><![CDATA[  String lengths are both 6. Strings differ at index 1.
  Expected: "<R050>"
  But was:  "<\0\0\0\0>"
  ------------^
]]></message>
                          <stack-trace><![CDATA[場所 RemoteMissionNUnit.CommandConverterTest.CommandConverterTest1(Int32 speed, Byte dir, String expected) 場所 d:\C#Programs\robot2016\robo\RemoteController\NxtLogger_20110517_remocon\RemoteMissionNUnit\Class1.cs:行 23
]]></stack-trace>
                        </failure>
                      </test-case>
                      <test-case name="RemoteMissionNUnit.CommandConverterTest.CommandConverterTest1(100,16,&quot;&lt;L100&gt;&quot;)" executed="True" result="Failure" success="False" time="0.000" asserts="0">
                        <failure>
                          <message><![CDATA[  String lengths are both 6. Strings differ at index 1.
  Expected: "<L100>"
  But was:  "<\0\0\0\0>"
  ------------^
]]></message>
                          <stack-trace><![CDATA[場所 RemoteMissionNUnit.CommandConverterTest.CommandConverterTest1(Int32 speed, Byte dir, String expected) 場所 d:\C#Programs\robot2016\robo\RemoteController\NxtLogger_20110517_remocon\RemoteMissionNUnit\Class1.cs:行 23
]]></stack-trace>
                        </failure>
                      </test-case>
                      <test-case name="RemoteMissionNUnit.CommandConverterTest.CommandConverterTest1(0,128,&quot;&lt;F000&gt;&quot;)" executed="True" result="Failure" success="False" time="0.000" asserts="0">
                        <failure>
                          <message><![CDATA[  String lengths are both 6. Strings differ at index 1.
  Expected: "<F000>"
  But was:  "<\0\0\0\0>"
  ------------^
]]></message>
                          <stack-trace><![CDATA[場所 RemoteMissionNUnit.CommandConverterTest.CommandConverterTest1(Int32 speed, Byte dir, String expected) 場所 d:\C#Programs\robot2016\robo\RemoteController\NxtLogger_20110517_remocon\RemoteMissionNUnit\Class1.cs:行 23
]]></stack-trace>
                        </failure>
                      </test-case>
                    </results>
                  </test-suite>
                </results>
              </test-suite>
            </results>
          </test-suite>
        </results>
      </test-suite>
    </results>
  </test-suite>
</test-results>